<?xml version="1.0" encoding="UTF-8"?>
<coverage generated="1512977934748" clover="3.2.0">
  <project timestamp="1512977934748" name="All files">
    <metrics statements="8" coveredstatements="8" conditionals="2" coveredconditionals="1" methods="3" coveredmethods="3" elements="13" coveredelements="12" complexity="0" loc="8" ncloc="8" packages="2" files="2" classes="2">
      <package name="src">
        <metrics statements="0" coveredstatements="0" conditionals="0" coveredconditionals="0" methods="0" coveredmethods="0"/>
        <file name="icons.js" path="/Users/michaelwilson/Dev/my-links/src/icons.js">
          <metrics statements="0" coveredstatements="0" conditionals="0" coveredconditionals="0" methods="0" coveredmethods="0"/>
        </file>
      </package>
      <package name="src.Components">
        <metrics statements="8" coveredstatements="8" conditionals="2" coveredconditionals="1" methods="3" coveredmethods="3"/>
        <file name="Links.js" path="/Users/michaelwilson/Dev/my-links/src/Components/Links.js">
          <metrics statements="8" coveredstatements="8" conditionals="2" coveredconditionals="1" methods="3" coveredmethods="3"/>
          <line num="5" count="1" type="stmt"/>
          <line num="14" count="1" type="stmt"/>
          <line num="23" count="1" type="stmt"/>
          <line num="27" count="1" type="stmt"/>
          <line num="28" count="1" type="stmt"/>
          <line num="40" count="1" type="stmt"/>
          <line num="41" count="1" type="stmt"/>
          <line num="42" count="1" type="stmt"/>
        </file>
      </package>
    </metrics>
  </project>
</coverage>
