{"/Users/michaelwilson/Dev/my-links/src/icons.js": {"path":"/Users/michaelwilson/Dev/my-links/src/icons.js","statementMap":{},"fnMap":{},"branchMap":{},"s":{},"f":{},"b":{},"_coverageSchema":"332fd63041d2c1bcb487cc26dd0d5f7d97098a6c","hash":"d205b07dc7bc04bef59643293fe2546964e2a21c"}
,"/Users/michaelwilson/Dev/my-links/src/Components/Links.js": {"path":"/Users/michaelwilson/Dev/my-links/src/Components/Links.js","statementMap":{"0":{"start":{"line":5,"column":22},"end":{"line":12,"column":1}},"1":{"start":{"line":14,"column":13},"end":{"line":22,"column":1}},"2":{"start":{"line":23,"column":13},"end":{"line":25,"column":1}},"3":{"start":{"line":27,"column":19},"end":{"line":38,"column":1}},"4":{"start":{"line":28,"column":4},"end":{"line":37,"column":11}},"5":{"start":{"line":40,"column":14},"end":{"line":44,"column":1}},"6":{"start":{"line":41,"column":4},"end":{"line":43,"column":20}},"7":{"start":{"line":42,"column":32},"end":{"line":42,"column":76}}},"fnMap":{"0":{"name":"(anonymous_0)","decl":{"start":{"line":27,"column":19},"end":{"line":27,"column":20}},"loc":{"start":{"line":28,"column":4},"end":{"line":37,"column":11}},"line":28},"1":{"name":"(anonymous_1)","decl":{"start":{"line":40,"column":14},"end":{"line":40,"column":15}},"loc":{"start":{"line":41,"column":4},"end":{"line":43,"column":20}},"line":41},"2":{"name":"(anonymous_2)","decl":{"start":{"line":42,"column":24},"end":{"line":42,"column":25}},"loc":{"start":{"line":42,"column":32},"end":{"line":42,"column":76}},"line":42}},"branchMap":{"0":{"loc":{"start":{"line":35,"column":13},"end":{"line":35,"column":41}},"type":"binary-expr","locations":[{"start":{"line":35,"column":13},"end":{"line":35,"column":24}},{"start":{"line":35,"column":28},"end":{"line":35,"column":41}}],"line":35}},"s":{"0":1,"1":1,"2":1,"3":1,"4":1,"5":1,"6":1,"7":1},"f":{"0":1,"1":1,"2":1},"b":{"0":[1,0]},"_coverageSchema":"332fd63041d2c1bcb487cc26dd0d5f7d97098a6c","hash":"415d33996b2c77b0ccb1a42e20cbc33957837320"}
}
